The target system is: Emscripten - 1 - x86
The host system is: Linux - 6.2.0-32-generic - x86_64
Performing C SOURCE FILE Test CMAKE_HAVE_LIBC_PTHREAD succeeded with the following output:
Change Dir: /home/gnery/Desktop/PangolinBuild_Wasm/Pangolin/build/CMakeFiles/CMakeTmp

Run Build Command(s):/usr/bin/gmake -f Makefile cmTC_12cdd/fast && /usr/bin/gmake  -f CMakeFiles/cmTC_12cdd.dir/build.make CMakeFiles/cmTC_12cdd.dir/build
gmake[1]: Entering directory '/home/gnery/Desktop/PangolinBuild_Wasm/Pangolin/build/CMakeFiles/CMakeTmp'
Building C object CMakeFiles/cmTC_12cdd.dir/src.c.o
/home/gnery/Documents/emsdk/upstream/emscripten/emcc -DCMAKE_HAVE_LIBC_PTHREAD   -MD -MT CMakeFiles/cmTC_12cdd.dir/src.c.o -MF CMakeFiles/cmTC_12cdd.dir/src.c.o.d -o CMakeFiles/cmTC_12cdd.dir/src.c.o -c /home/gnery/Desktop/PangolinBuild_Wasm/Pangolin/build/CMakeFiles/CMakeTmp/src.c
Linking C executable cmTC_12cdd.js
/usr/bin/cmake -E cmake_link_script CMakeFiles/cmTC_12cdd.dir/link.txt --verbose=1
/home/gnery/Documents/emsdk/upstream/emscripten/emcc -sMAX_WEBGL_VERSION=2 -sASYNCIFY=1 -sDISABLE_EXCEPTION_CATCHING=0 -sGL_ASSERTIONS=1 -sFULL_ES2=1 -sFULL_ES3=1 --bind  @CMakeFiles/cmTC_12cdd.dir/objects1.rsp -o cmTC_12cdd.js 
gmake[1]: Leaving directory '/home/gnery/Desktop/PangolinBuild_Wasm/Pangolin/build/CMakeFiles/CMakeTmp'


Source file was:
#include <pthread.h>

static void* test_func(void* data)
{
  return data;
}

int main(void)
{
  pthread_t thread;
  pthread_create(&thread, NULL, test_func, NULL);
  pthread_detach(thread);
  pthread_cancel(thread);
  pthread_join(thread, NULL);
  pthread_atfork(NULL, NULL, NULL);
  pthread_exit(NULL);

  return 0;
}

